{"/Users/vikkilogs/workspace/travel-blog/js-libs/core/src/deep.tsx": {"path":"/Users/vikkilogs/workspace/travel-blog/js-libs/core/src/deep.tsx","statementMap":{"0":{"start":{"line":3,"column":28},"end":{"line":5,"column":1}},"1":{"start":{"line":4,"column":2},"end":{"line":4,"column":34}}},"fnMap":{"0":{"name":"(anonymous_0)","decl":{"start":{"line":3,"column":28},"end":{"line":3,"column":29}},"loc":{"start":{"line":3,"column":60},"end":{"line":5,"column":1}},"line":3}},"branchMap":{},"s":{"0":1,"1":1},"f":{"0":1},"b":{},"_coverageSchema":"1a1c01bbd47fc00a2c39e90264f33305004495a9","hash":"b287707812f13d0d16ed28d06acd2dcba1c4af62"}
}
